2024-08-02T12:08:48.113+05:30  INFO 32244 --- [sm.sandbox] [main] com.igniters.sm.sandbox.Application      : Starting Application using Java 21.0.2 with PID 32244 (C:\Users\HP\OneDrive\Desktop\Internship\sm.sandbox\sm-sandbox\target\classes started by HP in C:\Users\HP\OneDrive\Desktop\Internship\sm.sandbox\sm-sandbox)
2024-08-02T12:08:48.117+05:30  INFO 32244 --- [sm.sandbox] [main] com.igniters.sm.sandbox.Application      : No active profile set, falling back to 1 default profile: "default"
2024-08-02T12:08:49.738+05:30  INFO 32244 --- [sm.sandbox] [main] .s.d.r.c.RepositoryConfigurationDelegate : Multiple Spring Data modules found, entering strict repository configuration mode
2024-08-02T12:08:49.741+05:30  INFO 32244 --- [sm.sandbox] [main] .s.d.r.c.RepositoryConfigurationDelegate : Bootstrapping Spring Data MongoDB repositories in DEFAULT mode.
2024-08-02T12:08:50.038+05:30  INFO 32244 --- [sm.sandbox] [main] .s.d.r.c.RepositoryConfigurationDelegate : Finished Spring Data repository scanning in 284 ms. Found 2 MongoDB repository interfaces.
2024-08-02T12:08:50.072+05:30  INFO 32244 --- [sm.sandbox] [main] .s.d.r.c.RepositoryConfigurationDelegate : Multiple Spring Data modules found, entering strict repository configuration mode
2024-08-02T12:08:50.075+05:30  INFO 32244 --- [sm.sandbox] [main] .s.d.r.c.RepositoryConfigurationDelegate : Bootstrapping Spring Data Redis repositories in DEFAULT mode.
2024-08-02T12:08:50.107+05:30  INFO 32244 --- [sm.sandbox] [main] .RepositoryConfigurationExtensionSupport : Spring Data Redis - Could not safely identify store assignment for repository candidate interface com.igniters.sm.sandbox.dao.RoleRepository; If you want this repository to be a Redis repository, consider annotating your entities with one of these annotations: org.springframework.data.redis.core.RedisHash (preferred), or consider extending one of the following types with your repository: org.springframework.data.keyvalue.repository.KeyValueRepository
2024-08-02T12:08:50.110+05:30  INFO 32244 --- [sm.sandbox] [main] .RepositoryConfigurationExtensionSupport : Spring Data Redis - Could not safely identify store assignment for repository candidate interface com.igniters.sm.sandbox.dao.UserRepository; If you want this repository to be a Redis repository, consider annotating your entities with one of these annotations: org.springframework.data.redis.core.RedisHash (preferred), or consider extending one of the following types with your repository: org.springframework.data.keyvalue.repository.KeyValueRepository
2024-08-02T12:08:50.111+05:30  INFO 32244 --- [sm.sandbox] [main] .s.d.r.c.RepositoryConfigurationDelegate : Finished Spring Data repository scanning in 13 ms. Found 0 Redis repository interfaces.
2024-08-02T12:08:51.101+05:30  INFO 32244 --- [sm.sandbox] [main] o.s.b.w.embedded.tomcat.TomcatWebServer  : Tomcat initialized with port 8080 (http)
2024-08-02T12:08:51.127+05:30  INFO 32244 --- [sm.sandbox] [main] o.apache.catalina.core.StandardService   : Starting service [Tomcat]
2024-08-02T12:08:51.128+05:30  INFO 32244 --- [sm.sandbox] [main] o.apache.catalina.core.StandardEngine    : Starting Servlet engine: [Apache Tomcat/10.1.26]
2024-08-02T12:08:51.241+05:30  INFO 32244 --- [sm.sandbox] [main] o.a.c.c.C.[Tomcat].[localhost].[/]       : Initializing Spring embedded WebApplicationContext
2024-08-02T12:08:51.242+05:30  INFO 32244 --- [sm.sandbox] [main] w.s.c.ServletWebServerApplicationContext : Root WebApplicationContext: initialization completed in 3050 ms
2024-08-02T12:08:51.604+05:30  INFO 32244 --- [sm.sandbox] [main] org.mongodb.driver.client                : MongoClient with metadata {"driver": {"name": "mongo-java-driver|sync|spring-boot", "version": "5.0.1"}, "os": {"type": "Windows", "name": "Windows 11", "architecture": "amd64", "version": "10.0"}, "platform": "Java/Oracle Corporation/21.0.2+13-LTS-58"} created with settings MongoClientSettings{readPreference=primary, writeConcern=WriteConcern{w=null, wTimeout=null ms, journal=null}, retryWrites=true, retryReads=true, readConcern=ReadConcern{level=null}, credential=null, transportSettings=null, commandListeners=[], codecRegistry=ProvidersCodecRegistry{codecProviders=[ValueCodecProvider{}, BsonValueCodecProvider{}, DBRefCodecProvider{}, DBObjectCodecProvider{}, DocumentCodecProvider{}, CollectionCodecProvider{}, IterableCodecProvider{}, MapCodecProvider{}, GeoJsonCodecProvider{}, GridFSFileCodecProvider{}, Jsr310CodecProvider{}, JsonObjectCodecProvider{}, BsonCodecProvider{}, EnumCodecProvider{}, com.mongodb.client.model.mql.ExpressionCodecProvider@432af457, com.mongodb.Jep395RecordCodecProvider@f5a7226, com.mongodb.KotlinCodecProvider@519c6fcc]}, loggerSettings=LoggerSettings{maxDocumentLength=1000}, clusterSettings={hosts=[localhost:27017], srvServiceName=mongodb, mode=SINGLE, requiredClusterType=UNKNOWN, requiredReplicaSetName='null', serverSelector='null', clusterListeners='[]', serverSelectionTimeout='30000 ms', localThreshold='15 ms'}, socketSettings=SocketSettings{connectTimeoutMS=10000, readTimeoutMS=0, receiveBufferSize=0, proxySettings=ProxySettings{host=null, port=null, username=null, password=null}}, heartbeatSocketSettings=SocketSettings{connectTimeoutMS=10000, readTimeoutMS=10000, receiveBufferSize=0, proxySettings=ProxySettings{host=null, port=null, username=null, password=null}}, connectionPoolSettings=ConnectionPoolSettings{maxSize=100, minSize=0, maxWaitTimeMS=120000, maxConnectionLifeTimeMS=0, maxConnectionIdleTimeMS=0, maintenanceInitialDelayMS=0, maintenanceFrequencyMS=60000, connectionPoolListeners=[], maxConnecting=2}, serverSettings=ServerSettings{heartbeatFrequencyMS=10000, minHeartbeatFrequencyMS=500, serverListeners='[]', serverMonitorListeners='[]'}, sslSettings=SslSettings{enabled=false, invalidHostNameAllowed=false, context=null}, applicationName='null', compressorList=[], uuidRepresentation=JAVA_LEGACY, serverApi=null, autoEncryptionSettings=null, dnsClient=null, inetAddressResolver=null, contextProvider=null}
2024-08-02T12:08:51.686+05:30  INFO 32244 --- [sm.sandbox] [cluster-ClusterId{value='66ac7efb81270f175b64d77f', description='null'}-localhost:27017] org.mongodb.driver.cluster               : Monitor thread successfully connected to server with description ServerDescription{address=localhost:27017, type=STANDALONE, state=CONNECTED, ok=true, minWireVersion=0, maxWireVersion=21, maxDocumentSize=16777216, logicalSessionTimeoutMinutes=30, roundTripTimeNanos=53297100}
2024-08-02T12:08:52.752+05:30  INFO 32244 --- [sm.sandbox] [main] r$InitializeUserDetailsManagerConfigurer : Global AuthenticationManager configured with UserDetailsService bean with name customUserSecurity
2024-08-02T12:08:52.981+05:30 DEBUG 32244 --- [sm.sandbox] [main] s.w.s.m.m.a.RequestMappingHandlerMapping : 6 mappings in 'requestMappingHandlerMapping'
2024-08-02T12:08:53.091+05:30 DEBUG 32244 --- [sm.sandbox] [main] o.s.w.s.handler.SimpleUrlHandlerMapping  : Patterns [/webjars/**, /**] in 'resourceHandlerMapping'
2024-08-02T12:08:53.270+05:30 DEBUG 32244 --- [sm.sandbox] [main] s.w.s.m.m.a.RequestMappingHandlerAdapter : ControllerAdvice beans: 0 @ModelAttribute, 0 @InitBinder, 1 RequestBodyAdvice, 1 ResponseBodyAdvice
2024-08-02T12:08:53.347+05:30 DEBUG 32244 --- [sm.sandbox] [main] .m.m.a.ExceptionHandlerExceptionResolver : ControllerAdvice beans: 0 @ExceptionHandler, 1 ResponseBodyAdvice
2024-08-02T12:08:53.664+05:30  INFO 32244 --- [sm.sandbox] [main] o.s.b.w.embedded.tomcat.TomcatWebServer  : Tomcat started on port 8080 (http) with context path '/'
2024-08-02T12:08:53.676+05:30  INFO 32244 --- [sm.sandbox] [main] com.igniters.sm.sandbox.Application      : Started Application in 6.277 seconds (process running for 6.841)
2024-08-02T12:09:09.795+05:30  INFO 32244 --- [sm.sandbox] [http-nio-8080-exec-1] o.a.c.c.C.[Tomcat].[localhost].[/]       : Initializing Spring DispatcherServlet 'dispatcherServlet'
2024-08-02T12:09:09.796+05:30  INFO 32244 --- [sm.sandbox] [http-nio-8080-exec-1] o.s.web.servlet.DispatcherServlet        : Initializing Servlet 'dispatcherServlet'
2024-08-02T12:09:09.798+05:30 DEBUG 32244 --- [sm.sandbox] [http-nio-8080-exec-1] o.s.web.servlet.DispatcherServlet        : Detected StandardServletMultipartResolver
2024-08-02T12:09:09.799+05:30 DEBUG 32244 --- [sm.sandbox] [http-nio-8080-exec-1] o.s.web.servlet.DispatcherServlet        : Detected AcceptHeaderLocaleResolver
2024-08-02T12:09:09.800+05:30 DEBUG 32244 --- [sm.sandbox] [http-nio-8080-exec-1] o.s.web.servlet.DispatcherServlet        : Detected FixedThemeResolver
2024-08-02T12:09:09.801+05:30 DEBUG 32244 --- [sm.sandbox] [http-nio-8080-exec-1] o.s.web.servlet.DispatcherServlet        : Detected org.springframework.web.servlet.view.DefaultRequestToViewNameTranslator@6b5dba42
2024-08-02T12:09:09.803+05:30 DEBUG 32244 --- [sm.sandbox] [http-nio-8080-exec-1] o.s.web.servlet.DispatcherServlet        : Detected org.springframework.web.servlet.support.SessionFlashMapManager@ce9778a
2024-08-02T12:09:09.804+05:30 DEBUG 32244 --- [sm.sandbox] [http-nio-8080-exec-1] o.s.web.servlet.DispatcherServlet        : enableLoggingRequestDetails='false': request parameters and headers will be masked to prevent unsafe logging of potentially sensitive data
2024-08-02T12:09:09.806+05:30  INFO 32244 --- [sm.sandbox] [http-nio-8080-exec-1] o.s.web.servlet.DispatcherServlet        : Completed initialization in 6 ms
2024-08-02T12:09:09.849+05:30 DEBUG 32244 --- [sm.sandbox] [http-nio-8080-exec-1] o.s.web.servlet.DispatcherServlet        : GET "/getregister", parameters={}
2024-08-02T12:09:09.850+05:30 DEBUG 32244 --- [sm.sandbox] [http-nio-8080-exec-1] s.w.s.m.m.a.RequestMappingHandlerMapping : Mapped to com.igniters.sm.sandbox.controller.AuthAndRegisterController#getRegister(Model)
2024-08-02T12:09:09.888+05:30 DEBUG 32244 --- [sm.sandbox] [http-nio-8080-exec-1] o.s.w.s.v.ContentNegotiatingViewResolver : Selected 'text/html' given [text/html, application/xhtml+xml, image/avif, image/webp, image/apng, application/xml;q=0.9, */*;q=0.8, application/signed-exchange;v=b3;q=0.7]
2024-08-02T12:09:10.277+05:30 DEBUG 32244 --- [sm.sandbox] [http-nio-8080-exec-1] o.s.web.servlet.DispatcherServlet        : Completed 200 OK
2024-08-02T12:09:34.092+05:30 DEBUG 32244 --- [sm.sandbox] [http-nio-8080-exec-6] o.s.web.servlet.DispatcherServlet        : GET "/getlogin", parameters={}
2024-08-02T12:09:34.093+05:30 DEBUG 32244 --- [sm.sandbox] [http-nio-8080-exec-6] s.w.s.m.m.a.RequestMappingHandlerMapping : Mapped to com.igniters.sm.sandbox.controller.AuthAndRegisterController#getlogin(Model)
2024-08-02T12:09:34.096+05:30 DEBUG 32244 --- [sm.sandbox] [http-nio-8080-exec-6] o.s.w.s.v.ContentNegotiatingViewResolver : Selected 'text/html' given [text/html, application/xhtml+xml, image/avif, image/webp, image/apng, application/xml;q=0.9, */*;q=0.8, application/signed-exchange;v=b3;q=0.7]
2024-08-02T12:09:34.118+05:30 DEBUG 32244 --- [sm.sandbox] [http-nio-8080-exec-6] o.s.web.servlet.DispatcherServlet        : Completed 200 OK
2024-08-02T12:09:44.526+05:30 DEBUG 32244 --- [sm.sandbox] [http-nio-8080-exec-9] o.s.web.servlet.DispatcherServlet        : "FORWARD" dispatch for POST "/getlogin", parameters={masked}
2024-08-02T12:09:44.527+05:30 DEBUG 32244 --- [sm.sandbox] [http-nio-8080-exec-9] s.w.s.m.m.a.RequestMappingHandlerMapping : Mapped to com.igniters.sm.sandbox.controller.AuthAndRegisterController#getlogin(Model)
2024-08-02T12:09:44.529+05:30 DEBUG 32244 --- [sm.sandbox] [http-nio-8080-exec-9] o.s.w.s.v.ContentNegotiatingViewResolver : Selected 'text/html' given [text/html, application/xhtml+xml, image/avif, image/webp, image/apng, application/xml;q=0.9, */*;q=0.8, application/signed-exchange;v=b3;q=0.7]
2024-08-02T12:09:44.535+05:30 DEBUG 32244 --- [sm.sandbox] [http-nio-8080-exec-9] o.s.web.servlet.DispatcherServlet        : Exiting from "FORWARD" dispatch, status 200
2024-08-02T12:09:51.030+05:30 DEBUG 32244 --- [sm.sandbox] [http-nio-8080-exec-8] o.s.web.servlet.DispatcherServlet        : "FORWARD" dispatch for POST "/home", parameters={masked}
2024-08-02T12:09:51.032+05:30 DEBUG 32244 --- [sm.sandbox] [http-nio-8080-exec-8] s.w.s.m.m.a.RequestMappingHandlerMapping : Mapped to com.igniters.sm.sandbox.controller.AuthAndRegisterController#getHome(Model)
2024-08-02T12:09:51.034+05:30 DEBUG 32244 --- [sm.sandbox] [http-nio-8080-exec-8] o.s.w.s.v.ContentNegotiatingViewResolver : Selected 'text/html' given [text/html, application/xhtml+xml, image/avif, image/webp, image/apng, application/xml;q=0.9, */*;q=0.8, application/signed-exchange;v=b3;q=0.7]
2024-08-02T12:09:51.042+05:30 DEBUG 32244 --- [sm.sandbox] [http-nio-8080-exec-8] o.s.web.servlet.DispatcherServlet        : Exiting from "FORWARD" dispatch, status 200
